2014/12/19 01:58:49 [error] [exception.CException] exception 'CException' with message 'Alias "bootstrap.widgets.TbBreadcrumbs" is invalid. Make sure it points to an existing directory or file.' in /mnt/home/samsul/Publik/html.studio/yii-1.1.12.b600af/framework/YiiBase.php:343
Stack trace:
#0 /mnt/home/samsul/Publik/html.studio/yii-1.1.12.b600af/framework/web/CWidgetFactory.php(147): YiiBase::import('bootstrap.widge...', true)
#1 /mnt/home/samsul/Publik/html.studio/yii-1.1.12.b600af/framework/web/CBaseController.php(147): CWidgetFactory->createWidget(Object(SiteController), 'bootstrap.widge...', Array)
#2 /mnt/home/samsul/Publik/html.studio/yii-1.1.12.b600af/framework/web/CBaseController.php(173): CBaseController->createWidget('bootstrap.widge...', Array)
#3 /mnt/home/samsul/Publik/html.studio/yii-1.1.12.b600af/sikuwe/themes/sikuwe/views/layouts/main.php(68): CBaseController->widget('bootstrap.widge...', Array)
#4 /mnt/home/samsul/Publik/html.studio/yii-1.1.12.b600af/framework/web/CBaseController.php(127): require('/mnt/home/samsu...')
#5 /mnt/home/samsul/Publik/html.studio/yii-1.1.12.b600af/framework/web/CBaseController.php(96): CBaseController->renderInternal('/mnt/home/samsu...', Array, true)
#6 /mnt/home/samsul/Publik/html.studio/yii-1.1.12.b600af/framework/web/widgets/CContentDecorator.php(77): CBaseController->renderFile('/mnt/home/samsu...', Array, true)
#7 /mnt/home/samsul/Publik/html.studio/yii-1.1.12.b600af/framework/web/widgets/CContentDecorator.php(55): CContentDecorator->decorate('<div id="conten...')
#8 /mnt/home/samsul/Publik/html.studio/yii-1.1.12.b600af/framework/web/widgets/COutputProcessor.php(45): CContentDecorator->processOutput('<div id="conten...')
#9 /mnt/home/samsul/Publik/html.studio/yii-1.1.12.b600af/framework/web/CBaseController.php(207): COutputProcessor->run()
#10 /mnt/home/samsul/Publik/html.studio/yii-1.1.12.b600af/framework/web/CBaseController.php(301): CBaseController->endWidget('CContentDecorat...')
#11 /mnt/home/samsul/Publik/html.studio/yii-1.1.12.b600af/sikuwe/protected/views/layouts/column1.php(6): CBaseController->endContent()
#12 /mnt/home/samsul/Publik/html.studio/yii-1.1.12.b600af/framework/web/CBaseController.php(127): require('/mnt/home/samsu...')
#13 /mnt/home/samsul/Publik/html.studio/yii-1.1.12.b600af/framework/web/CBaseController.php(96): CBaseController->renderInternal('/mnt/home/samsu...', Array, true)
#14 /mnt/home/samsul/Publik/html.studio/yii-1.1.12.b600af/framework/web/CController.php(785): CBaseController->renderFile('/mnt/home/samsu...', Array, true)
#15 /mnt/home/samsul/Publik/html.studio/yii-1.1.12.b600af/sikuwe/protected/controllers/SiteController.php(32): CController->render('index')
#16 /mnt/home/samsul/Publik/html.studio/yii-1.1.12.b600af/framework/web/actions/CInlineAction.php(50): SiteController->actionIndex()
#17 /mnt/home/samsul/Publik/html.studio/yii-1.1.12.b600af/framework/web/CController.php(309): CInlineAction->runWithParams(Array)
#18 /mnt/home/samsul/Publik/html.studio/yii-1.1.12.b600af/framework/web/CController.php(287): CController->runAction(Object(CInlineAction))
#19 /mnt/home/samsul/Publik/html.studio/yii-1.1.12.b600af/framework/web/CController.php(266): CController->runActionWithFilters(Object(CInlineAction), Array)
#20 /mnt/home/samsul/Publik/html.studio/yii-1.1.12.b600af/framework/web/CWebApplication.php(283): CController->run('')
#21 /mnt/home/samsul/Publik/html.studio/yii-1.1.12.b600af/framework/web/CWebApplication.php(142): CWebApplication->runController('')
#22 /mnt/home/samsul/Publik/html.studio/yii-1.1.12.b600af/framework/base/CApplication.php(162): CWebApplication->processRequest()
#23 /mnt/home/samsul/Publik/html.studio/yii-1.1.12.b600af/sikuwe/index.php(13): CApplication->run()
#24 {main}
REQUEST_URI=/yii/sikuwe/
---
2014/12/19 02:23:47 [error] [exception.CHttpException.403] exception 'CHttpException' with message 'You are not allowed to access this page.' in /mnt/home/samsul/Publik/html.studio/yii-1.1.12.b600af/framework/gii/GiiModule.php:169
Stack trace:
#0 /mnt/home/samsul/Publik/html.studio/yii-1.1.12.b600af/framework/web/CController.php(264): GiiModule->beforeControllerAction(Object(DefaultController), Object(CInlineAction))
#1 /mnt/home/samsul/Publik/html.studio/yii-1.1.12.b600af/framework/web/CWebApplication.php(283): CController->run('')
#2 /mnt/home/samsul/Publik/html.studio/yii-1.1.12.b600af/framework/web/CWebApplication.php(142): CWebApplication->runController('gii')
#3 /mnt/home/samsul/Publik/html.studio/yii-1.1.12.b600af/framework/base/CApplication.php(162): CWebApplication->processRequest()
#4 /mnt/home/samsul/Publik/html.studio/yii-1.1.12.b600af/sikuwe/index.php(13): CApplication->run()
#5 {main}
REQUEST_URI=/yii/sikuwe/index.php?r=gii
---
2014/12/19 12:44:10 [error] [exception.CHttpException.404] exception 'CHttpException' with message 'Unable to resolve the request "penduduk/admin".' in /mnt/home/samsul/Publik/html.studio/yii-1.1.12.b600af/framework/web/CWebApplication.php:287
Stack trace:
#0 /mnt/home/samsul/Publik/html.studio/yii-1.1.12.b600af/framework/web/CWebApplication.php(142): CWebApplication->runController('penduduk/admin')
#1 /mnt/home/samsul/Publik/html.studio/yii-1.1.12.b600af/framework/base/CApplication.php(162): CWebApplication->processRequest()
#2 /mnt/home/samsul/Publik/html.studio/yii-1.1.12.b600af/sikuwe/index.php(13): CApplication->run()
#3 {main}
REQUEST_URI=/yii/sikuwe/index.php?r=penduduk/admin
---
2014/12/19 12:44:48 [error] [exception.CHttpException.404] exception 'CHttpException' with message 'Unable to resolve the request "penduduk/view".' in /mnt/home/samsul/Publik/html.studio/yii-1.1.12.b600af/framework/web/CWebApplication.php:287
Stack trace:
#0 /mnt/home/samsul/Publik/html.studio/yii-1.1.12.b600af/framework/web/CWebApplication.php(142): CWebApplication->runController('penduduk/view')
#1 /mnt/home/samsul/Publik/html.studio/yii-1.1.12.b600af/framework/base/CApplication.php(162): CWebApplication->processRequest()
#2 /mnt/home/samsul/Publik/html.studio/yii-1.1.12.b600af/sikuwe/index.php(13): CApplication->run()
#3 {main}
REQUEST_URI=/yii/sikuwe/index.php?r=penduduk/view
---
2014/12/19 12:44:59 [error] [exception.CHttpException.404] exception 'CHttpException' with message 'Unable to resolve the request "penduduk/create".' in /mnt/home/samsul/Publik/html.studio/yii-1.1.12.b600af/framework/web/CWebApplication.php:287
Stack trace:
#0 /mnt/home/samsul/Publik/html.studio/yii-1.1.12.b600af/framework/web/CWebApplication.php(142): CWebApplication->runController('penduduk/create')
#1 /mnt/home/samsul/Publik/html.studio/yii-1.1.12.b600af/framework/base/CApplication.php(162): CWebApplication->processRequest()
#2 /mnt/home/samsul/Publik/html.studio/yii-1.1.12.b600af/sikuwe/index.php(13): CApplication->run()
#3 {main}
REQUEST_URI=/yii/sikuwe/index.php?r=penduduk/create
---
2014/12/19 12:47:51 [error] [exception.CHttpException.404] exception 'CHttpException' with message 'Unable to resolve the request "penduduk/add".' in /mnt/home/samsul/Publik/html.studio/yii-1.1.12.b600af/framework/web/CWebApplication.php:287
Stack trace:
#0 /mnt/home/samsul/Publik/html.studio/yii-1.1.12.b600af/framework/web/CWebApplication.php(142): CWebApplication->runController('penduduk/add')
#1 /mnt/home/samsul/Publik/html.studio/yii-1.1.12.b600af/framework/base/CApplication.php(162): CWebApplication->processRequest()
#2 /mnt/home/samsul/Publik/html.studio/yii-1.1.12.b600af/sikuwe/index.php(13): CApplication->run()
#3 {main}
REQUEST_URI=/yii/sikuwe/index.php?r=penduduk/add
---
2014/12/19 12:53:03 [error] [exception.CHttpException.404] exception 'CHttpException' with message 'Unable to resolve the request "penduduk/create".' in /mnt/home/samsul/Publik/html.studio/yii-1.1.12.b600af/framework/web/CWebApplication.php:287
Stack trace:
#0 /mnt/home/samsul/Publik/html.studio/yii-1.1.12.b600af/framework/web/CWebApplication.php(142): CWebApplication->runController('penduduk/create')
#1 /mnt/home/samsul/Publik/html.studio/yii-1.1.12.b600af/framework/base/CApplication.php(162): CWebApplication->processRequest()
#2 /mnt/home/samsul/Publik/html.studio/yii-1.1.12.b600af/sikuwe/index.php(13): CApplication->run()
#3 {main}
REQUEST_URI=/yii/sikuwe/index.php?r=penduduk/create
---
